<?xml version="1.0" encoding="UTF-8"?>
<!-- Generated by org.testng.reporters.JUnitReportReporter -->
<testsuite hostname="Swati" failures="0" tests="1" name="Runner.LoginRunner" time="79.421" errors="0" timestamp="2021-10-08T16:42:29 IST" skipped="0">
  <testcase classname="Runner.LoginRunner" name="runScenario" time="79.421"/>
  <system-out/>
</testsuite> <!-- Runner.LoginRunner -->
